2023-05-09 16:17:53,798 INFO  [Log] Appliction opened 
2023-05-09 16:18:04,885 INFO  [Log] L O G I N -- D O N E 
2023-05-09 16:18:05,165 INFO  [Log] L O G o U T -- D O N E 
2023-05-09 16:18:06,175 INFO  [Log] Appliction closed 
2023-05-10 11:32:51,831 INFO  [Log] Appliction opened 
2023-05-10 11:32:54,017 INFO  [Log] L O G I N -- D O N E 
2023-05-10 11:32:54,239 INFO  [Log] L O G o U T -- D O N E 
2023-05-10 11:32:55,102 INFO  [Log] Appliction closed 
2023-05-10 11:33:00,565 INFO  [Log] Appliction opened 
2023-05-10 11:33:04,510 INFO  [Log] L O G I N -- D O N E 
2023-05-10 11:33:06,804 INFO  [Log] FRAME ME AA GYE 
2023-05-10 11:33:10,654 INFO  [Log] EMP ADDED -- D O N E 
2023-05-10 11:33:12,785 INFO  [Log] exit into frame 
2023-05-10 11:33:12,884 INFO  [Log] L O G o U T -- D O N E 
2023-05-10 11:33:13,038 INFO  [Log] Appliction closed 
2023-05-10 11:33:18,257 INFO  [Log] Appliction opened 
2023-05-10 11:33:22,157 INFO  [Log] L O G I N -- D O N E 
2023-05-10 11:33:24,336 INFO  [Log] FRAME ME AA GYE 
2023-05-10 11:33:27,521 INFO  [Log] D E L E T E  -- D O N E 
2023-05-10 11:33:29,712 INFO  [Log] exit into frame 
2023-05-10 11:33:29,851 INFO  [Log] L O G o U T -- D O N E 
2023-05-10 11:33:30,250 INFO  [Log] Appliction closed 
2023-05-11 00:28:38,609 INFO  [Log] Appliction opened 
2023-05-11 00:31:24,783 INFO  [Log] Appliction opened 
2023-05-11 00:31:27,597 INFO  [Log] L O G I N -- D O N E 
2023-05-11 00:31:27,703 INFO  [Log] L O G o U T -- D O N E 
2023-05-11 00:31:28,123 INFO  [Log] Appliction closed 
2023-05-11 00:34:29,961 INFO  [Log] Appliction opened 
2023-05-11 00:34:32,161 INFO  [Log] L O G I N -- D O N E 
2023-05-11 00:34:32,339 INFO  [Log] L O G o U T -- D O N E 
2023-05-11 00:34:32,577 INFO  [Log] Appliction closed 
2023-05-11 00:37:23,230 INFO  [Log] Appliction opened 
2023-05-11 00:37:46,574 INFO  [Log] L O G I N -- D O N E 
2023-05-11 00:37:46,812 INFO  [Log] L O G o U T -- D O N E 
2023-05-11 00:37:47,028 INFO  [Log] Appliction closed 
2023-05-11 12:21:24,512 INFO  [Log] Appliction opened 
2023-05-11 12:21:26,369 INFO  [Log] L O G I N -- D O N E 
2023-05-11 12:21:26,499 INFO  [Log] L O G o U T -- D O N E 
2023-05-11 12:21:27,296 INFO  [Log] Appliction closed 
2023-05-11 12:31:04,283 INFO  [Log] Appliction opened 
2023-05-11 12:31:10,799 INFO  [Log] L O G I N -- D O N E 
2023-05-11 12:31:13,149 INFO  [Log] FRAME ME AA GYE 
2023-05-11 12:31:16,490 INFO  [Log] EMP ADDED -- D O N E 
2023-05-11 12:31:18,619 INFO  [Log] exit into frame 
2023-05-11 12:31:19,279 INFO  [Log] L O G o U T -- D O N E 
2023-05-11 12:31:19,541 INFO  [Log] Appliction closed 
2023-05-11 12:32:42,011 INFO  [Log] Appliction opened 
2023-05-11 12:32:50,816 INFO  [Log] L O G I N -- D O N E 
2023-05-11 12:32:53,222 INFO  [Log] FRAME ME AA GYE 
2023-05-11 12:32:59,221 INFO  [Log] EMP ADDED -- D O N E 
2023-05-11 12:33:01,353 INFO  [Log] exit into frame 
2023-05-11 12:33:01,446 INFO  [Log] L O G o U T -- D O N E 
2023-05-11 12:33:01,845 INFO  [Log] Appliction closed 
2023-05-11 12:34:16,564 INFO  [Log] Appliction opened 
2023-05-11 12:34:26,105 INFO  [Log] L O G I N -- D O N E 
2023-05-11 12:34:26,551 INFO  [Log] L O G o U T -- D O N E 
2023-05-11 12:34:27,654 INFO  [Log] Appliction closed 
2023-05-11 12:34:34,354 INFO  [Log] Appliction opened 
2023-05-11 12:34:37,823 INFO  [Log] L O G I N -- D O N E 
2023-05-11 12:34:40,034 INFO  [Log] FRAME ME AA GYE 
2023-05-11 12:34:43,182 INFO  [Log] EMP ADDED -- D O N E 
2023-05-11 12:34:45,313 INFO  [Log] exit into frame 
2023-05-11 12:34:45,402 INFO  [Log] L O G o U T -- D O N E 
2023-05-11 12:34:45,537 INFO  [Log] Appliction closed 
2023-05-11 12:34:52,307 INFO  [Log] Appliction opened 
2023-05-11 12:34:56,283 INFO  [Log] L O G I N -- D O N E 
2023-05-11 12:34:58,933 INFO  [Log] FRAME ME AA GYE 
2023-05-11 12:35:02,271 INFO  [Log] D E L E T E  -- D O N E 
2023-05-11 12:35:04,400 INFO  [Log] exit into frame 
2023-05-11 12:35:04,504 INFO  [Log] L O G o U T -- D O N E 
2023-05-11 12:35:04,716 INFO  [Log] Appliction closed 
2023-05-11 17:09:19,340 INFO  [Log] Appliction opened 
2023-05-11 17:09:30,017 INFO  [Log] L O G I N -- D O N E 
2023-05-11 17:09:32,703 INFO  [Log] FRAME ME AA GYE 
2023-05-11 17:09:36,887 INFO  [Log] D E L E T E  -- D O N E 
2023-05-11 17:09:39,027 INFO  [Log] exit into frame 
2023-05-11 17:09:39,201 INFO  [Log] L O G o U T -- D O N E 
2023-05-11 17:09:43,141 INFO  [Log] Appliction closed 
2023-05-11 17:09:54,310 INFO  [Log] Appliction opened 
2023-05-11 17:09:58,280 INFO  [Log] L O G I N -- D O N E 
2023-05-11 17:10:00,463 INFO  [Log] FRAME ME AA GYE 
2023-05-11 17:10:04,094 INFO  [Log] EMP ADDED -- D O N E 
2023-05-11 17:10:06,235 INFO  [Log] exit into frame 
2023-05-11 17:10:06,393 INFO  [Log] L O G o U T -- D O N E 
2023-05-11 17:10:06,567 INFO  [Log] Appliction closed 
2023-05-11 17:10:15,573 INFO  [Log] Appliction opened 
2023-05-11 17:10:17,516 INFO  [Log] L O G I N -- D O N E 
2023-05-11 17:10:17,633 INFO  [Log] L O G o U T -- D O N E 
2023-05-11 17:10:18,044 INFO  [Log] Appliction closed 
2023-05-11 17:22:53,298 INFO  [Log] Appliction opened 
2023-05-11 17:25:19,949 INFO  [Log] Appliction opened 
2023-05-11 17:25:25,262 INFO  [Log] L O G I N -- D O N E 
2023-05-11 17:32:21,575 INFO  [Log] Appliction opened 
2023-05-11 17:32:27,019 INFO  [Log] L O G I N -- D O N E 
2023-05-11 17:32:27,169 INFO  [Log] L O G o U T -- D O N E 
2023-05-11 17:32:27,356 INFO  [Log] Appliction closed 
2023-05-11 17:32:36,348 INFO  [Log] Appliction opened 
2023-05-11 17:32:44,639 INFO  [Log] L O G I N -- D O N E 
2023-05-11 17:32:46,841 INFO  [Log] FRAME ME AA GYE 
2023-05-11 17:32:56,057 INFO  [Log] EMP ADDED -- D O N E 
2023-05-11 17:32:58,188 INFO  [Log] exit into frame 
2023-05-11 17:32:58,322 INFO  [Log] L O G o U T -- D O N E 
2023-05-11 17:32:58,728 INFO  [Log] Appliction closed 
2023-05-12 13:59:57,733 INFO  [Log] Appliction opened 
2023-05-12 13:59:57,740 INFO  [Log] Appliction opened 
2023-05-12 13:59:57,734 INFO  [Log] Appliction opened 
2023-05-12 13:59:57,736 INFO  [Log] Appliction opened 
2023-05-12 14:00:13,713 INFO  [Log] L O G I N -- D O N E 
2023-05-12 14:00:13,883 INFO  [Log] L O G I N -- D O N E 
2023-05-12 14:00:13,981 INFO  [Log] L O G I N -- D O N E 
2023-05-12 14:00:14,368 INFO  [Log] L O G o U T -- D O N E 
2023-05-12 14:00:14,374 INFO  [Log] L O G o U T -- D O N E 
2023-05-12 14:00:14,392 INFO  [Log] L O G o U T -- D O N E 
2023-05-12 14:00:20,186 INFO  [Log] L O G I N -- D O N E 
2023-05-12 14:00:20,326 INFO  [Log] L O G o U T -- D O N E 
2023-05-12 14:00:47,462 INFO  [Log] Appliction closed 
2023-05-12 14:00:48,708 INFO  [Log] Appliction closed 
2023-05-12 14:00:48,956 INFO  [Log] Appliction closed 
2023-05-12 14:00:50,578 INFO  [Log] Appliction closed 
2023-05-12 14:01:24,427 INFO  [Log] Appliction opened 
2023-05-12 14:01:24,428 INFO  [Log] Appliction opened 
2023-05-12 14:01:24,429 INFO  [Log] Appliction opened 
2023-05-12 14:01:57,094 INFO  [Log] Appliction opened 
2023-05-12 14:01:57,440 INFO  [Log] Appliction opened 
2023-05-12 14:01:57,802 INFO  [Log] Appliction opened 
2023-05-12 14:02:10,649 INFO  [Log] Appliction opened 
2023-05-12 14:02:14,811 INFO  [Log] L O G I N -- D O N E 
2023-05-12 14:02:16,204 INFO  [Log] L O G I N -- D O N E 
2023-05-12 14:02:16,432 INFO  [Log] L O G I N -- D O N E 
2023-05-12 14:02:17,373 INFO  [Log] FRAME ME AA GYE 
2023-05-12 14:02:18,466 INFO  [Log] FRAME ME AA GYE 
2023-05-12 14:02:18,831 INFO  [Log] FRAME ME AA GYE 
2023-05-12 14:02:21,106 INFO  [Log] L O G I N -- D O N E 
2023-05-12 14:02:21,891 INFO  [Log] L O G I N -- D O N E 
2023-05-12 14:02:22,949 INFO  [Log] L O G I N -- D O N E 
2023-05-12 14:02:23,301 INFO  [Log] FRAME ME AA GYE 
2023-05-12 14:02:24,075 INFO  [Log] FRAME ME AA GYE 
2023-05-12 14:02:25,136 INFO  [Log] FRAME ME AA GYE 
2023-05-12 14:02:28,767 INFO  [Log] L O G I N -- D O N E 
2023-05-12 14:02:31,505 INFO  [Log] FRAME ME AA GYE 
2023-05-12 14:02:35,409 INFO  [Log] EMP ADDED -- D O N E 
2023-05-12 14:02:37,599 INFO  [Log] exit into frame 
2023-05-12 14:02:38,062 INFO  [Log] EMP ADDED -- D O N E 
2023-05-12 14:02:38,167 INFO  [Log] L O G o U T -- D O N E 
2023-05-12 14:02:40,205 INFO  [Log] exit into frame 
2023-05-12 14:02:40,377 INFO  [Log] L O G o U T -- D O N E 
2023-05-12 14:02:50,088 INFO  [Log] EMP ADDED -- D O N E 
2023-05-12 14:02:50,118 INFO  [Log] EMP ADDED -- D O N E 
2023-05-12 14:02:50,131 INFO  [Log] EMP ADDED -- D O N E 
2023-05-12 14:02:50,131 INFO  [Log] EMP ADDED -- D O N E 
2023-05-12 14:02:50,349 INFO  [Log] EMP ADDED -- D O N E 
2023-05-12 14:02:52,226 INFO  [Log] exit into frame 
2023-05-12 14:02:52,261 INFO  [Log] exit into frame 
2023-05-12 14:02:52,275 INFO  [Log] exit into frame 
2023-05-12 14:02:52,290 INFO  [Log] exit into frame 
2023-05-12 14:02:52,450 INFO  [Log] L O G o U T -- D O N E 
2023-05-12 14:02:52,527 INFO  [Log] L O G o U T -- D O N E 
2023-05-12 14:02:52,535 INFO  [Log] exit into frame 
2023-05-12 14:02:52,621 INFO  [Log] L O G o U T -- D O N E 
2023-05-12 14:02:53,266 INFO  [Log] L O G o U T -- D O N E 
2023-05-12 14:02:53,306 INFO  [Log] L O G o U T -- D O N E 
2023-05-12 14:03:07,785 INFO  [Log] Appliction closed 
2023-05-12 14:03:22,849 INFO  [Log] Appliction closed 
2023-05-12 14:03:23,202 INFO  [Log] Appliction opened 
2023-05-12 14:03:24,239 INFO  [Log] Appliction closed 
2023-05-12 14:03:25,079 INFO  [Log] Appliction closed 
2023-05-12 14:03:25,134 INFO  [Log] Appliction closed 
2023-05-12 14:03:28,359 INFO  [Log] Appliction closed 
2023-05-12 14:03:34,343 INFO  [Log] Appliction closed 
2023-05-12 14:03:34,916 INFO  [Log] L O G I N -- D O N E 
2023-05-12 14:03:34,927 INFO  [Log] Appliction opened 
2023-05-12 14:03:36,520 INFO  [Log] Appliction opened 
2023-05-12 14:03:37,565 INFO  [Log] FRAME ME AA GYE 
2023-05-12 14:03:40,906 INFO  [Log] L O G I N -- D O N E 
2023-05-12 14:03:41,227 INFO  [Log] Appliction opened 
2023-05-12 14:03:42,680 INFO  [Log] D E L E T E  -- D O N E 
2023-05-12 14:03:43,105 INFO  [Log] Appliction opened 
2023-05-12 14:03:43,136 INFO  [Log] FRAME ME AA GYE 
2023-05-12 14:03:44,809 INFO  [Log] exit into frame 
2023-05-12 14:03:45,035 INFO  [Log] L O G o U T -- D O N E 
2023-05-12 14:03:45,059 INFO  [Log] L O G I N -- D O N E 
2023-05-12 14:03:45,962 INFO  [Log] L O G I N -- D O N E 
2023-05-12 14:03:47,270 INFO  [Log] D E L E T E  -- D O N E 
2023-05-12 14:03:47,302 INFO  [Log] FRAME ME AA GYE 
2023-05-12 14:03:48,094 INFO  [Log] Appliction opened 
2023-05-12 14:03:48,164 INFO  [Log] FRAME ME AA GYE 
2023-05-12 14:03:49,400 INFO  [Log] exit into frame 
2023-05-12 14:03:49,536 INFO  [Log] L O G o U T -- D O N E 
2023-05-12 14:03:49,681 INFO  [Log] Appliction opened 
2023-05-12 14:03:50,835 INFO  [Log] L O G I N -- D O N E 
2023-05-12 14:03:50,996 INFO  [Log] D E L E T E  -- D O N E 
2023-05-12 14:03:51,102 INFO  [Log] Appliction closed 
2023-05-12 14:03:51,628 INFO  [Log] D E L E T E  -- D O N E 
2023-05-12 14:03:53,091 INFO  [Log] FRAME ME AA GYE 
2023-05-12 14:03:53,127 INFO  [Log] exit into frame 
2023-05-12 14:03:53,260 INFO  [Log] L O G o U T -- D O N E 
2023-05-12 14:03:53,757 INFO  [Log] exit into frame 
2023-05-12 14:03:53,862 INFO  [Log] L O G o U T -- D O N E 
2023-05-12 14:03:54,008 INFO  [Log] L O G I N -- D O N E 
2023-05-12 14:03:55,881 INFO  [Log] L O G I N -- D O N E 
2023-05-12 14:03:56,244 INFO  [Log] FRAME ME AA GYE 
2023-05-12 14:03:56,267 INFO  [Log] D E L E T E  -- D O N E 
2023-05-12 14:03:57,633 INFO  [Log] Appliction closed 
2023-05-12 14:03:58,113 INFO  [Log] FRAME ME AA GYE 
2023-05-12 14:03:58,515 INFO  [Log] exit into frame 
2023-05-12 14:03:58,683 INFO  [Log] L O G o U T -- D O N E 
2023-05-12 14:03:59,635 INFO  [Log] D E L E T E  -- D O N E 
2023-05-12 14:03:59,828 INFO  [Log] Appliction closed 
2023-05-12 14:04:00,867 INFO  [Log] Appliction closed 
2023-05-12 14:04:01,618 INFO  [Log] D E L E T E  -- D O N E 
2023-05-12 14:04:01,765 INFO  [Log] exit into frame 
2023-05-12 14:04:01,866 INFO  [Log] L O G o U T -- D O N E 
2023-05-12 14:04:03,756 INFO  [Log] exit into frame 
2023-05-12 14:04:03,950 INFO  [Log] L O G o U T -- D O N E 
2023-05-12 14:04:05,374 INFO  [Log] Appliction closed 
2023-05-12 14:04:07,271 INFO  [Log] Appliction closed 
2023-05-12 14:04:07,617 INFO  [Log] Appliction closed 
